<?xml version="1.0" encoding="UTF-8"?>
<!-- Generated by org.testng.reporters.JUnitReportReporter -->
<testsuite hostname="bbbb" name="com.hcl.com.MavenJenkinExample.MavenJenkinExample" tests="1" failures="0" timestamp="29 Apr 2019 13:12:13 GMT" time="337.763" errors="0">
  <testcase name="test12" time="337.763" classname="com.hcl.com.MavenJenkinExample.MavenJenkinExample"/>
</testsuite> <!-- com.hcl.com.MavenJenkinExample.MavenJenkinExample -->
