<?xml version="1.0" encoding="UTF-8"?>
<!-- Generated by org.testng.reporters.JUnitReportReporter -->
<testsuite hostname="ADMIN" name="com.hcl.com.MavenJenkinExample.MavenJenkinExample" tests="1" failures="0" timestamp="22 Jun 2019 07:40:42 GMT" time="33.099" errors="0">
  <testcase name="test12" time="33.099" classname="com.hcl.com.MavenJenkinExample.MavenJenkinExample"/>
</testsuite> <!-- com.hcl.com.MavenJenkinExample.MavenJenkinExample -->
