<?xml version="1.0" encoding="UTF-8"?>
<!-- Generated by org.testng.reporters.JUnitReportReporter -->
<testsuite hostname="ADMIN" name="com.hcl.com.MavenJenkinExample.MavenJenkinExample" tests="1" failures="0" timestamp="21 Jun 2019 18:28:52 GMT" time="26.243" errors="0">
  <testcase name="test12" time="26.243" classname="com.hcl.com.MavenJenkinExample.MavenJenkinExample"/>
</testsuite> <!-- com.hcl.com.MavenJenkinExample.MavenJenkinExample -->
