<?xml version="1.0" encoding="UTF-8"?>
<!-- Generated by org.testng.reporters.JUnitReportReporter -->
<testsuite hostname="ADMIN" name="com.hcl.com.MavenJenkinExample.MavenJenkinExample" tests="1" failures="0" timestamp="21 Jun 2019 12:18:18 GMT" time="46.665" errors="0">
  <testcase name="test12" time="46.665" classname="com.hcl.com.MavenJenkinExample.MavenJenkinExample"/>
</testsuite> <!-- com.hcl.com.MavenJenkinExample.MavenJenkinExample -->
