<?xml version="1.0" encoding="UTF-8"?>
<!-- Generated by org.testng.reporters.JUnitReportReporter -->
<testsuite hostname="bbbb" name="com.hcl.com.MavenJenkinExample.MavenJenkinExample" tests="1" failures="0" timestamp="10 Mar 2019 12:35:50 GMT" time="45.212" errors="0">
  <testcase name="test12" time="45.212" classname="com.hcl.com.MavenJenkinExample.MavenJenkinExample"/>
</testsuite> <!-- com.hcl.com.MavenJenkinExample.MavenJenkinExample -->
